2024-7-24 17:24:34 [INFO]socket created
2024-7-24 17:24:34 [INFO]socket binded
2024-7-24 17:24:34 [INFO]start listen
2024-7-24 17:26:1 [INFO]socket created
2024-7-24 17:26:1 [INFO]socket binded
2024-7-24 17:26:1 [INFO]start listen
2024-7-24 17:28:22 [INFO]connection disconnected
2024-7-24 17:28:22 [ERROR]connection error
2024-7-24 17:28:51 [INFO]socket created
2024-7-24 17:28:51 [INFO]socket binded
2024-7-24 17:28:51 [INFO]start listen
2024-7-24 17:28:53 [INFO]connection disconnected
2024-7-24 17:29:16 [INFO]connection disconnected
2024-7-24 17:29:23 [INFO]connection disconnected
2024-7-24 17:29:24 [ERROR]connection error
2024-7-24 17:29:36 [INFO]socket created
2024-7-24 17:29:36 [INFO]socket bind error
2024-7-24 17:29:55 [INFO]socket created
2024-7-24 17:29:55 [INFO]socket binded
2024-7-24 17:29:55 [INFO]start listen
2024-7-24 17:30:41 [INFO]socket created
2024-7-24 17:30:41 [INFO]socket bind error
2024-7-24 17:30:53 [INFO]socket created
2024-7-24 17:30:53 [INFO]socket binded
2024-7-24 17:30:53 [INFO]start listen
2024-7-24 17:32:4 [INFO]socket created
2024-7-24 17:32:4 [INFO]socket bind error
2024-7-24 17:32:21 [INFO]socket created
2024-7-24 17:32:21 [INFO]socket bind error
2024-7-24 17:32:50 [INFO]socket created
2024-7-24 17:32:50 [INFO]socket binded
2024-7-24 17:32:50 [INFO]start listen
2024-7-24 17:34:39 [INFO]connection disconnected
2024-7-24 17:34:39 [INFO]connection disconnected
2024-7-24 17:34:47 [INFO]connection disconnected
2024-7-24 17:35:49 [INFO]socket created
2024-7-24 17:35:49 [INFO]socket bind error
2024-7-24 17:36:4 [INFO]socket created
2024-7-24 17:36:4 [INFO]socket binded
2024-7-24 17:36:4 [INFO]start listen
2024-7-24 17:37:13 [INFO]connection disconnected
2024-7-24 17:37:13 [ERROR]connection error
2024-7-24 17:37:26 [INFO]socket created
2024-7-24 17:37:26 [INFO]socket binded
2024-7-24 17:37:26 [INFO]start listen
2024-7-24 17:38:50 [INFO]connection disconnected
2024-7-24 17:38:50 [ERROR]connection error
2024-7-28 23:58:46 [INFO]socket created
2024-7-28 23:58:46 [INFO]socket binded
2024-7-28 23:58:46 [INFO]start listen
2024-7-29 0:0:51 [INFO]connection disconnected
2024-7-29 0:1:27 [INFO]connection disconnected
2024-7-29 1:3:12 [INFO]connection disconnected
2024-7-29 1:3:21 [INFO]connection disconnected
2024-7-29 1:7:10 [INFO]connection disconnected
2024-7-29 1:7:17 [INFO]connection disconnected
2024-7-29 1:9:3 [INFO]connection disconnected
2024-7-29 1:14:39 [INFO]connection disconnected
2024-7-29 1:15:59 [INFO]connection disconnected
2024-7-29 1:44:23 [INFO]connection disconnected
2024-8-16 13:47:34 [INFO]socket created
2024-8-16 13:47:34 [INFO]socket binded
2024-8-16 13:47:34 [INFO]start listen
2024-8-16 13:55:33 [INFO]connection disconnected
2024-8-16 13:55:33 [ERROR]connection error
